<?xml version="1.0" encoding="UTF-8"?>
<!-- Generated by org.testng.reporters.JUnitReportReporter -->
<testsuite hostname="rajalakshmi" failures="0" tests="1" name="Sprint_01.Ramya_S6_003_DeleteSalesAccount" time="42.384" errors="0" timestamp="2024-10-20T16:39:25 IST" skipped="0">
  <testcase classname="Sprint_01.Ramya_S6_003_DeleteSalesAccount" name="dsa" time="42.384"/>
  <system-out/>
</testsuite> <!-- Sprint_01.Ramya_S6_003_DeleteSalesAccount -->
