<?xml version="1.0" encoding="UTF-8"?>
<!-- Generated by org.testng.reporters.JUnitReportReporter -->
<testsuite hostname="rajalakshmi" failures="0" tests="1" name="Sprint_01.RAJI_S1_013_CreateNewOrder_S6_59" time="22.419" errors="0" timestamp="2024-10-23T23:59:27 IST" skipped="0">
  <testcase classname="Sprint_01.RAJI_S1_013_CreateNewOrder_S6_59" name="createNewOrder" time="22.419"/>
  <system-out/>
</testsuite> <!-- Sprint_01.RAJI_S1_013_CreateNewOrder_S6_59 -->
