<?xml version="1.0" encoding="UTF-8"?>
<!-- Generated by org.testng.reporters.JUnitReportReporter -->
<testsuite hostname="rajalakshmi" failures="0" tests="1" name="Sprint_01.Raji_Jenkins" time="32.250" errors="0" timestamp="2024-10-24T00:00:36 IST" skipped="0">
  <testcase classname="Sprint_01.Raji_Jenkins" name="npc" time="32.250"/>
  <system-out/>
</testsuite> <!-- Sprint_01.Raji_Jenkins -->
