<?xml version="1.0" encoding="UTF-8"?>
<!-- Generated by org.testng.reporters.JUnitReportReporter -->
<testsuite hostname="rajalakshmi" failures="0" tests="1" name="Sprint_01.RAJI_S1_012_CreateNewTask_S6_61" time="32.908" errors="0" timestamp="2024-10-22T00:54:00 IST" skipped="0">
  <testcase classname="Sprint_01.RAJI_S1_012_CreateNewTask_S6_61" name="createNewTask" time="32.908"/>
  <system-out/>
</testsuite> <!-- Sprint_01.RAJI_S1_012_CreateNewTask_S6_61 -->
