<?xml version="1.0" encoding="UTF-8"?>
<!-- Generated by org.testng.reporters.JUnitReportReporter -->
<testsuite hostname="rajalakshmi" failures="0" tests="1" name="Sprint_01.Raji_Jenkins" time="43.377" errors="0" timestamp="2024-10-20T16:23:06 IST" skipped="0">
  <testcase classname="Sprint_01.Raji_Jenkins" name="npc" time="43.377"/>
  <system-out/>
</testsuite> <!-- Sprint_01.Raji_Jenkins -->
